<?xml version="1.0" encoding="UTF-8"?>
<coverage generated="1690590345865" clover="3.2.0">
  <project timestamp="1690590345866" name="All files">
    <metrics statements="0" coveredstatements="0" conditionals="0" coveredconditionals="0" methods="0" coveredmethods="0" elements="0" coveredelements="0" complexity="0" loc="0" ncloc="0" packages="1" files="1" classes="1"/>
    <file name="array.js" path="/Users/pedrocapriles/Documents/courses/platzi/javascript/javascript-data-structure-kata/src/array.js">
      <metrics statements="0" coveredstatements="0" conditionals="0" coveredconditionals="0" methods="0" coveredmethods="0"/>
    </file>
  </project>
</coverage>
